[0.115s] DEBUG:colcon:Command line arguments: ['/usr/bin/colcon', 'build', '--packages-select', 'MinimalPublisher', 'reactor-cpp-default', '--cmake-args', '-DLF_REACTOR_CPP_SUFFIX=default', '-DLF_SRC_PKG_PATH=/home/erling/dev/lf-workspace/lf-ros']
[0.115s] DEBUG:colcon:Parsed command line arguments: Namespace(allow_overriding=[], ament_cmake_args=None, base_paths=['.'], build_base='build', catkin_cmake_args=None, catkin_skip_building_tests=False, cmake_args=['-DLF_REACTOR_CPP_SUFFIX=default', '-DLF_SRC_PKG_PATH=/home/erling/dev/lf-workspace/lf-ros'], cmake_clean_cache=False, cmake_clean_first=False, cmake_force_configure=False, cmake_target=None, cmake_target_skip_unavailable=False, continue_on_error=False, event_handlers=None, executor='parallel', ignore_user_meta=False, install_base='install', log_base=None, log_level=None, main=<bound method BuildVerb.main of <colcon_core.verb.build.BuildVerb object at 0x7f1665eeaca0>>, merge_install=False, metas=['./colcon.meta'], mixin=None, mixin_files=None, mixin_verb=('build',), packages_above=None, packages_above_and_dependencies=None, packages_above_depth=None, packages_end=None, packages_ignore=None, packages_ignore_regex=None, packages_select=['MinimalPublisher', 'reactor-cpp-default'], packages_select_build_failed=False, packages_select_by_dep=None, packages_select_regex=None, packages_select_test_failures=False, packages_skip=None, packages_skip_build_finished=False, packages_skip_by_dep=None, packages_skip_regex=None, packages_skip_test_passed=False, packages_skip_up_to=None, packages_start=None, packages_up_to=None, packages_up_to_regex=None, parallel_workers=20, paths=None, symlink_install=False, test_result_base=None, verb_extension=<colcon_core.verb.build.BuildVerb object at 0x7f1665eeaca0>, verb_name='build', verb_parser=<colcon_mixin.mixin.mixin_argument.MixinArgumentDecorator object at 0x7f1665e752b0>)
[0.134s] Level 1:colcon.colcon_core.package_discovery:discover_packages(colcon_meta) check parameters
[0.134s] Level 1:colcon.colcon_core.package_discovery:discover_packages(recursive) check parameters
[0.134s] Level 1:colcon.colcon_core.package_discovery:discover_packages(ignore) check parameters
[0.134s] Level 1:colcon.colcon_core.package_discovery:discover_packages(path) check parameters
[0.134s] Level 1:colcon.colcon_core.package_discovery:discover_packages(colcon_meta) discover
[0.134s] Level 1:colcon.colcon_core.package_discovery:discover_packages(recursive) discover
[0.134s] INFO:colcon.colcon_core.package_discovery:Crawling recursively for packages in '/home/erling/dev/lf-workspace/lf-ros'
[0.134s] Level 1:colcon.colcon_core.package_identification:_identify(.) by extensions ['ignore', 'ignore_ament_install']
[0.134s] Level 1:colcon.colcon_core.package_identification:_identify(.) by extension 'ignore'
[0.134s] Level 1:colcon.colcon_core.package_identification:_identify(.) by extension 'ignore_ament_install'
[0.134s] Level 1:colcon.colcon_core.package_identification:_identify(.) by extensions ['colcon_pkg']
[0.134s] Level 1:colcon.colcon_core.package_identification:_identify(.) by extension 'colcon_pkg'
[0.134s] Level 1:colcon.colcon_core.package_identification:_identify(.) by extensions ['colcon_meta']
[0.134s] Level 1:colcon.colcon_core.package_identification:_identify(.) by extension 'colcon_meta'
[0.134s] Level 1:colcon.colcon_core.package_identification:_identify(.) by extensions ['ros']
[0.134s] Level 1:colcon.colcon_core.package_identification:_identify(.) by extension 'ros'
[0.143s] Level 1:colcon.colcon_core.package_identification:_identify(.) by extensions ['cmake', 'python']
[0.143s] Level 1:colcon.colcon_core.package_identification:_identify(.) by extension 'cmake'
[0.143s] Level 1:colcon.colcon_core.package_identification:_identify(.) by extension 'python'
[0.143s] Level 1:colcon.colcon_core.package_identification:_identify(.) by extensions ['python_setup_py']
[0.143s] Level 1:colcon.colcon_core.package_identification:_identify(.) by extension 'python_setup_py'
[0.144s] Level 1:colcon.colcon_core.package_identification:_identify(bin) by extensions ['ignore', 'ignore_ament_install']
[0.144s] Level 1:colcon.colcon_core.package_identification:_identify(bin) by extension 'ignore'
[0.144s] Level 1:colcon.colcon_core.package_identification:_identify(bin) by extension 'ignore_ament_install'
[0.144s] Level 1:colcon.colcon_core.package_identification:_identify(bin) by extensions ['colcon_pkg']
[0.144s] Level 1:colcon.colcon_core.package_identification:_identify(bin) by extension 'colcon_pkg'
[0.144s] Level 1:colcon.colcon_core.package_identification:_identify(bin) by extensions ['colcon_meta']
[0.144s] Level 1:colcon.colcon_core.package_identification:_identify(bin) by extension 'colcon_meta'
[0.144s] Level 1:colcon.colcon_core.package_identification:_identify(bin) by extensions ['ros']
[0.144s] Level 1:colcon.colcon_core.package_identification:_identify(bin) by extension 'ros'
[0.144s] Level 1:colcon.colcon_core.package_identification:_identify(bin) by extensions ['cmake', 'python']
[0.144s] Level 1:colcon.colcon_core.package_identification:_identify(bin) by extension 'cmake'
[0.144s] Level 1:colcon.colcon_core.package_identification:_identify(bin) by extension 'python'
[0.144s] Level 1:colcon.colcon_core.package_identification:_identify(bin) by extensions ['python_setup_py']
[0.144s] Level 1:colcon.colcon_core.package_identification:_identify(bin) by extension 'python_setup_py'
[0.144s] Level 1:colcon.colcon_core.package_identification:_identify(build) by extensions ['ignore', 'ignore_ament_install']
[0.144s] Level 1:colcon.colcon_core.package_identification:_identify(build) by extension 'ignore'
[0.144s] Level 1:colcon.colcon_core.package_identification:_identify(build) ignored
[0.144s] Level 1:colcon.colcon_core.package_identification:_identify(install) by extensions ['ignore', 'ignore_ament_install']
[0.144s] Level 1:colcon.colcon_core.package_identification:_identify(install) by extension 'ignore'
[0.144s] Level 1:colcon.colcon_core.package_identification:_identify(install) ignored
[0.144s] Level 1:colcon.colcon_core.package_identification:_identify(log) by extensions ['ignore', 'ignore_ament_install']
[0.144s] Level 1:colcon.colcon_core.package_identification:_identify(log) by extension 'ignore'
[0.144s] Level 1:colcon.colcon_core.package_identification:_identify(log) ignored
[0.144s] Level 1:colcon.colcon_core.package_identification:_identify(src) by extensions ['ignore', 'ignore_ament_install']
[0.145s] Level 1:colcon.colcon_core.package_identification:_identify(src) by extension 'ignore'
[0.145s] Level 1:colcon.colcon_core.package_identification:_identify(src) by extension 'ignore_ament_install'
[0.145s] Level 1:colcon.colcon_core.package_identification:_identify(src) by extensions ['colcon_pkg']
[0.145s] Level 1:colcon.colcon_core.package_identification:_identify(src) by extension 'colcon_pkg'
[0.145s] Level 1:colcon.colcon_core.package_identification:_identify(src) by extensions ['colcon_meta']
[0.145s] Level 1:colcon.colcon_core.package_identification:_identify(src) by extension 'colcon_meta'
[0.145s] Level 1:colcon.colcon_core.package_identification:_identify(src) by extensions ['ros']
[0.145s] Level 1:colcon.colcon_core.package_identification:_identify(src) by extension 'ros'
[0.145s] Level 1:colcon.colcon_core.package_identification:_identify(src) by extensions ['cmake', 'python']
[0.145s] Level 1:colcon.colcon_core.package_identification:_identify(src) by extension 'cmake'
[0.145s] Level 1:colcon.colcon_core.package_identification:_identify(src) by extension 'python'
[0.145s] Level 1:colcon.colcon_core.package_identification:_identify(src) by extensions ['python_setup_py']
[0.145s] Level 1:colcon.colcon_core.package_identification:_identify(src) by extension 'python_setup_py'
[0.145s] Level 1:colcon.colcon_core.package_identification:_identify(src-gen) by extensions ['ignore', 'ignore_ament_install']
[0.145s] Level 1:colcon.colcon_core.package_identification:_identify(src-gen) by extension 'ignore'
[0.145s] Level 1:colcon.colcon_core.package_identification:_identify(src-gen) by extension 'ignore_ament_install'
[0.145s] Level 1:colcon.colcon_core.package_identification:_identify(src-gen) by extensions ['colcon_pkg']
[0.145s] Level 1:colcon.colcon_core.package_identification:_identify(src-gen) by extension 'colcon_pkg'
[0.145s] Level 1:colcon.colcon_core.package_identification:_identify(src-gen) by extensions ['colcon_meta']
[0.145s] Level 1:colcon.colcon_core.package_identification:_identify(src-gen) by extension 'colcon_meta'
[0.145s] Level 1:colcon.colcon_core.package_identification:_identify(src-gen) by extensions ['ros']
[0.145s] Level 1:colcon.colcon_core.package_identification:_identify(src-gen) by extension 'ros'
[0.145s] Level 1:colcon.colcon_core.package_identification:_identify(src-gen) by extensions ['cmake', 'python']
[0.145s] Level 1:colcon.colcon_core.package_identification:_identify(src-gen) by extension 'cmake'
[0.145s] Level 1:colcon.colcon_core.package_identification:_identify(src-gen) by extension 'python'
[0.145s] Level 1:colcon.colcon_core.package_identification:_identify(src-gen) by extensions ['python_setup_py']
[0.145s] Level 1:colcon.colcon_core.package_identification:_identify(src-gen) by extension 'python_setup_py'
[0.145s] Level 1:colcon.colcon_core.package_identification:_identify(src-gen/MinimalPublisher) by extensions ['ignore', 'ignore_ament_install']
[0.145s] Level 1:colcon.colcon_core.package_identification:_identify(src-gen/MinimalPublisher) by extension 'ignore'
[0.145s] Level 1:colcon.colcon_core.package_identification:_identify(src-gen/MinimalPublisher) by extension 'ignore_ament_install'
[0.145s] Level 1:colcon.colcon_core.package_identification:_identify(src-gen/MinimalPublisher) by extensions ['colcon_pkg']
[0.145s] Level 1:colcon.colcon_core.package_identification:_identify(src-gen/MinimalPublisher) by extension 'colcon_pkg'
[0.146s] Level 1:colcon.colcon_core.package_identification:_identify(src-gen/MinimalPublisher) by extensions ['colcon_meta']
[0.146s] Level 1:colcon.colcon_core.package_identification:_identify(src-gen/MinimalPublisher) by extension 'colcon_meta'
[0.146s] Level 1:colcon.colcon_core.package_identification:_identify(src-gen/MinimalPublisher) by extensions ['ros']
[0.146s] Level 1:colcon.colcon_core.package_identification:_identify(src-gen/MinimalPublisher) by extension 'ros'
[0.147s] DEBUG:colcon.colcon_core.package_identification:Package 'src-gen/MinimalPublisher' with type 'ros.ament_cmake' and name 'MinimalPublisher'
[0.148s] Level 1:colcon.colcon_core.package_identification:_identify(src-gen/reactor-cpp-default) by extensions ['ignore', 'ignore_ament_install']
[0.148s] Level 1:colcon.colcon_core.package_identification:_identify(src-gen/reactor-cpp-default) by extension 'ignore'
[0.148s] Level 1:colcon.colcon_core.package_identification:_identify(src-gen/reactor-cpp-default) by extension 'ignore_ament_install'
[0.148s] Level 1:colcon.colcon_core.package_identification:_identify(src-gen/reactor-cpp-default) by extensions ['colcon_pkg']
[0.148s] Level 1:colcon.colcon_core.package_identification:_identify(src-gen/reactor-cpp-default) by extension 'colcon_pkg'
[0.148s] Level 1:colcon.colcon_core.package_identification:_identify(src-gen/reactor-cpp-default) by extensions ['colcon_meta']
[0.148s] Level 1:colcon.colcon_core.package_identification:_identify(src-gen/reactor-cpp-default) by extension 'colcon_meta'
[0.148s] Level 1:colcon.colcon_core.package_identification:_identify(src-gen/reactor-cpp-default) by extensions ['ros']
[0.148s] Level 1:colcon.colcon_core.package_identification:_identify(src-gen/reactor-cpp-default) by extension 'ros'
[0.148s] DEBUG:colcon.colcon_core.package_identification:Failed to parse potential ROS package manifest in'src-gen/reactor-cpp-default': Error(s) in package 'src-gen/reactor-cpp-default/package.xml':
The manifest contains invalid XML:
junk after document element: line 13, column 0
[0.148s] Level 1:colcon.colcon_core.package_identification:_identify(src-gen/reactor-cpp-default) by extensions ['cmake', 'python']
[0.148s] Level 1:colcon.colcon_core.package_identification:_identify(src-gen/reactor-cpp-default) by extension 'cmake'
[0.150s] Level 1:colcon.colcon_core.package_identification:_identify(src-gen/reactor-cpp-default) by extension 'python'
[0.150s] DEBUG:colcon.colcon_core.package_identification:Package 'src-gen/reactor-cpp-default' with type 'cmake' and name 'reactor-cpp-default'
[0.150s] Level 1:colcon.colcon_core.package_discovery:discover_packages(recursive) using defaults
[0.150s] Level 1:colcon.colcon_core.package_discovery:discover_packages(ignore) discover
[0.150s] Level 1:colcon.colcon_core.package_discovery:discover_packages(ignore) using defaults
[0.150s] Level 1:colcon.colcon_core.package_discovery:discover_packages(path) discover
[0.150s] Level 1:colcon.colcon_core.package_discovery:discover_packages(path) using defaults
[0.174s] Level 1:colcon.colcon_core.package_discovery:discover_packages(prefix_path) check parameters
[0.174s] Level 1:colcon.colcon_core.package_discovery:discover_packages(prefix_path) discover
[0.177s] DEBUG:colcon.colcon_installed_package_information.package_discovery:Found 271 installed packages in /opt/ros/rolling
[0.178s] Level 1:colcon.colcon_core.package_discovery:discover_packages(prefix_path) using defaults
[0.255s] Level 5:colcon.colcon_core.verb:set package 'reactor-cpp-default' build argument 'cmake_args' from command line to '['-DLF_REACTOR_CPP_SUFFIX=default', '-DLF_SRC_PKG_PATH=/home/erling/dev/lf-workspace/lf-ros']'
[0.255s] Level 5:colcon.colcon_core.verb:set package 'reactor-cpp-default' build argument 'cmake_target' from command line to 'None'
[0.255s] Level 5:colcon.colcon_core.verb:set package 'reactor-cpp-default' build argument 'cmake_target_skip_unavailable' from command line to 'False'
[0.255s] Level 5:colcon.colcon_core.verb:set package 'reactor-cpp-default' build argument 'cmake_clean_cache' from command line to 'False'
[0.255s] Level 5:colcon.colcon_core.verb:set package 'reactor-cpp-default' build argument 'cmake_clean_first' from command line to 'False'
[0.255s] Level 5:colcon.colcon_core.verb:set package 'reactor-cpp-default' build argument 'cmake_force_configure' from command line to 'False'
[0.255s] Level 5:colcon.colcon_core.verb:set package 'reactor-cpp-default' build argument 'ament_cmake_args' from command line to 'None'
[0.255s] Level 5:colcon.colcon_core.verb:set package 'reactor-cpp-default' build argument 'catkin_cmake_args' from command line to 'None'
[0.255s] Level 5:colcon.colcon_core.verb:set package 'reactor-cpp-default' build argument 'catkin_skip_building_tests' from command line to 'False'
[0.255s] DEBUG:colcon.colcon_core.verb:Building package 'reactor-cpp-default' with the following arguments: {'ament_cmake_args': None, 'build_base': '/home/erling/dev/lf-workspace/lf-ros/build/reactor-cpp-default', 'catkin_cmake_args': None, 'catkin_skip_building_tests': False, 'cmake_args': ['-DLF_REACTOR_CPP_SUFFIX=default', '-DLF_SRC_PKG_PATH=/home/erling/dev/lf-workspace/lf-ros'], 'cmake_clean_cache': False, 'cmake_clean_first': False, 'cmake_force_configure': False, 'cmake_target': None, 'cmake_target_skip_unavailable': False, 'install_base': '/home/erling/dev/lf-workspace/lf-ros/install/reactor-cpp-default', 'merge_install': False, 'path': '/home/erling/dev/lf-workspace/lf-ros/src-gen/reactor-cpp-default', 'symlink_install': False, 'test_result_base': None}
[0.255s] Level 5:colcon.colcon_core.verb:set package 'MinimalPublisher' build argument 'cmake_args' from command line to '['-DLF_REACTOR_CPP_SUFFIX=default', '-DLF_SRC_PKG_PATH=/home/erling/dev/lf-workspace/lf-ros']'
[0.255s] Level 5:colcon.colcon_core.verb:set package 'MinimalPublisher' build argument 'cmake_target' from command line to 'None'
[0.255s] Level 5:colcon.colcon_core.verb:set package 'MinimalPublisher' build argument 'cmake_target_skip_unavailable' from command line to 'False'
[0.256s] Level 5:colcon.colcon_core.verb:set package 'MinimalPublisher' build argument 'cmake_clean_cache' from command line to 'False'
[0.256s] Level 5:colcon.colcon_core.verb:set package 'MinimalPublisher' build argument 'cmake_clean_first' from command line to 'False'
[0.256s] Level 5:colcon.colcon_core.verb:set package 'MinimalPublisher' build argument 'cmake_force_configure' from command line to 'False'
[0.256s] Level 5:colcon.colcon_core.verb:set package 'MinimalPublisher' build argument 'ament_cmake_args' from command line to 'None'
[0.256s] Level 5:colcon.colcon_core.verb:set package 'MinimalPublisher' build argument 'catkin_cmake_args' from command line to 'None'
[0.256s] Level 5:colcon.colcon_core.verb:set package 'MinimalPublisher' build argument 'catkin_skip_building_tests' from command line to 'False'
[0.256s] DEBUG:colcon.colcon_core.verb:Building package 'MinimalPublisher' with the following arguments: {'ament_cmake_args': None, 'build_base': '/home/erling/dev/lf-workspace/lf-ros/build/MinimalPublisher', 'catkin_cmake_args': None, 'catkin_skip_building_tests': False, 'cmake_args': ['-DLF_REACTOR_CPP_SUFFIX=default', '-DLF_SRC_PKG_PATH=/home/erling/dev/lf-workspace/lf-ros'], 'cmake_clean_cache': False, 'cmake_clean_first': False, 'cmake_force_configure': False, 'cmake_target': None, 'cmake_target_skip_unavailable': False, 'install_base': '/home/erling/dev/lf-workspace/lf-ros/install/MinimalPublisher', 'merge_install': False, 'path': '/home/erling/dev/lf-workspace/lf-ros/src-gen/MinimalPublisher', 'symlink_install': False, 'test_result_base': None}
[0.256s] INFO:colcon.colcon_core.executor:Executing jobs using 'parallel' executor
[0.258s] DEBUG:colcon.colcon_parallel_executor.executor.parallel:run_until_complete
[0.258s] INFO:colcon.colcon_cmake.task.cmake.build:Building CMake package in '/home/erling/dev/lf-workspace/lf-ros/src-gen/reactor-cpp-default'
[0.260s] INFO:colcon.colcon_core.plugin_system:Skipping extension 'colcon_core.shell.bat': Not used on non-Windows systems
[0.261s] INFO:colcon.colcon_core.shell:Skip shell extension 'powershell' for command environment: Not usable outside of PowerShell
[0.261s] DEBUG:colcon.colcon_core.shell:Skip shell extension 'dsv' for command environment
[0.276s] DEBUG:colcon.colcon_core.event_handler.log_command:Invoking command in '/home/erling/dev/lf-workspace/lf-ros/build/reactor-cpp-default': /usr/bin/cmake /home/erling/dev/lf-workspace/lf-ros/src-gen/reactor-cpp-default -DLF_REACTOR_CPP_SUFFIX=default -DLF_SRC_PKG_PATH=/home/erling/dev/lf-workspace/lf-ros -DCMAKE_INSTALL_PREFIX=/home/erling/dev/lf-workspace/lf-ros/install/reactor-cpp-default
[1.346s] DEBUG:colcon.colcon_core.event_handler.log_command:Invoked command in '/home/erling/dev/lf-workspace/lf-ros/build/reactor-cpp-default' returned '0': /usr/bin/cmake /home/erling/dev/lf-workspace/lf-ros/src-gen/reactor-cpp-default -DLF_REACTOR_CPP_SUFFIX=default -DLF_SRC_PKG_PATH=/home/erling/dev/lf-workspace/lf-ros -DCMAKE_INSTALL_PREFIX=/home/erling/dev/lf-workspace/lf-ros/install/reactor-cpp-default
[1.352s] DEBUG:colcon.colcon_core.event_handler.log_command:Invoking command in '/home/erling/dev/lf-workspace/lf-ros/build/reactor-cpp-default': /usr/bin/cmake --build /home/erling/dev/lf-workspace/lf-ros/build/reactor-cpp-default -- -j20 -l20
[2.922s] DEBUG:colcon.colcon_core.event_handler.log_command:Invoked command in '/home/erling/dev/lf-workspace/lf-ros/build/reactor-cpp-default' returned '0': /usr/bin/cmake --build /home/erling/dev/lf-workspace/lf-ros/build/reactor-cpp-default -- -j20 -l20
[2.989s] DEBUG:colcon.colcon_core.event_handler.log_command:Invoking command in '/home/erling/dev/lf-workspace/lf-ros/build/reactor-cpp-default': /usr/bin/cmake --install /home/erling/dev/lf-workspace/lf-ros/build/reactor-cpp-default
[3.013s] Level 1:colcon.colcon_core.environment:create_environment_scripts_only(reactor-cpp-default)
[3.015s] DEBUG:colcon.colcon_core.event_handler.log_command:Invoked command in '/home/erling/dev/lf-workspace/lf-ros/build/reactor-cpp-default' returned '0': /usr/bin/cmake --install /home/erling/dev/lf-workspace/lf-ros/build/reactor-cpp-default
[3.024s] Level 1:colcon.colcon_core.environment:checking '/home/erling/dev/lf-workspace/lf-ros/install/reactor-cpp-default' for CMake module files
[3.025s] Level 1:colcon.colcon_core.environment:checking '/home/erling/dev/lf-workspace/lf-ros/install/reactor-cpp-default' for CMake config files
[3.025s] Level 1:colcon.colcon_core.shell:create_environment_hook('reactor-cpp-default', 'cmake_prefix_path')
[3.027s] INFO:colcon.colcon_core.shell:Creating environment hook '/home/erling/dev/lf-workspace/lf-ros/install/reactor-cpp-default/share/reactor-cpp-default/hook/cmake_prefix_path.ps1'
[3.028s] INFO:colcon.colcon_core.shell:Creating environment descriptor '/home/erling/dev/lf-workspace/lf-ros/install/reactor-cpp-default/share/reactor-cpp-default/hook/cmake_prefix_path.dsv'
[3.029s] INFO:colcon.colcon_core.shell:Creating environment hook '/home/erling/dev/lf-workspace/lf-ros/install/reactor-cpp-default/share/reactor-cpp-default/hook/cmake_prefix_path.sh'
[3.031s] Level 1:colcon.colcon_core.environment:checking '/home/erling/dev/lf-workspace/lf-ros/install/reactor-cpp-default/lib'
[3.032s] Level 1:colcon.colcon_core.shell:create_environment_hook('reactor-cpp-default', 'ld_library_path_lib')
[3.033s] INFO:colcon.colcon_core.shell:Creating environment hook '/home/erling/dev/lf-workspace/lf-ros/install/reactor-cpp-default/share/reactor-cpp-default/hook/ld_library_path_lib.ps1'
[3.034s] INFO:colcon.colcon_core.shell:Creating environment descriptor '/home/erling/dev/lf-workspace/lf-ros/install/reactor-cpp-default/share/reactor-cpp-default/hook/ld_library_path_lib.dsv'
[3.035s] INFO:colcon.colcon_core.shell:Creating environment hook '/home/erling/dev/lf-workspace/lf-ros/install/reactor-cpp-default/share/reactor-cpp-default/hook/ld_library_path_lib.sh'
[3.036s] Level 1:colcon.colcon_core.environment:checking '/home/erling/dev/lf-workspace/lf-ros/install/reactor-cpp-default/bin'
[3.036s] Level 1:colcon.colcon_core.environment:checking '/home/erling/dev/lf-workspace/lf-ros/install/reactor-cpp-default/lib/pkgconfig/reactor-cpp-default.pc'
[3.036s] Level 1:colcon.colcon_core.environment:checking '/home/erling/dev/lf-workspace/lf-ros/install/reactor-cpp-default/lib/python3.8/site-packages'
[3.038s] INFO:colcon.colcon_core.shell:Creating package script '/home/erling/dev/lf-workspace/lf-ros/install/reactor-cpp-default/share/reactor-cpp-default/package.ps1'
[3.040s] INFO:colcon.colcon_core.shell:Creating package descriptor '/home/erling/dev/lf-workspace/lf-ros/install/reactor-cpp-default/share/reactor-cpp-default/package.dsv'
[3.041s] INFO:colcon.colcon_core.shell:Creating package script '/home/erling/dev/lf-workspace/lf-ros/install/reactor-cpp-default/share/reactor-cpp-default/package.sh'
[3.043s] INFO:colcon.colcon_core.shell:Creating package script '/home/erling/dev/lf-workspace/lf-ros/install/reactor-cpp-default/share/reactor-cpp-default/package.bash'
[3.044s] INFO:colcon.colcon_core.shell:Creating package script '/home/erling/dev/lf-workspace/lf-ros/install/reactor-cpp-default/share/reactor-cpp-default/package.zsh'
[3.045s] Level 1:colcon.colcon_core.environment:create_file_with_runtime_dependencies(/home/erling/dev/lf-workspace/lf-ros/install/reactor-cpp-default/share/colcon-core/packages/reactor-cpp-default)
[3.046s] INFO:colcon.colcon_ros.task.ament_cmake.build:Building ROS package in '/home/erling/dev/lf-workspace/lf-ros/src-gen/MinimalPublisher' with build type 'ament_cmake'
[3.047s] INFO:colcon.colcon_cmake.task.cmake.build:Building CMake package in '/home/erling/dev/lf-workspace/lf-ros/src-gen/MinimalPublisher'
[3.048s] INFO:colcon.colcon_core.shell:Skip shell extension 'powershell' for command environment: Not usable outside of PowerShell
[3.048s] DEBUG:colcon.colcon_core.shell:Skip shell extension 'dsv' for command environment
[3.069s] DEBUG:colcon.colcon_core.event_handler.log_command:Invoking command in '/home/erling/dev/lf-workspace/lf-ros/build/MinimalPublisher': CMAKE_PREFIX_PATH=/home/erling/dev/lf-workspace/lf-ros/install/reactor-cpp-default:/opt/ros/rolling LD_LIBRARY_PATH=/home/erling/dev/lf-workspace/lf-ros/install/reactor-cpp-default/lib:${LD_LIBRARY_PATH} /usr/bin/cmake /home/erling/dev/lf-workspace/lf-ros/src-gen/MinimalPublisher -DLF_REACTOR_CPP_SUFFIX=default -DLF_SRC_PKG_PATH=/home/erling/dev/lf-workspace/lf-ros -DCMAKE_INSTALL_PREFIX=/home/erling/dev/lf-workspace/lf-ros/install/MinimalPublisher
[4.142s] DEBUG:colcon.colcon_core.event_handler.log_command:Invoked command in '/home/erling/dev/lf-workspace/lf-ros/build/MinimalPublisher' returned '0': CMAKE_PREFIX_PATH=/home/erling/dev/lf-workspace/lf-ros/install/reactor-cpp-default:/opt/ros/rolling LD_LIBRARY_PATH=/home/erling/dev/lf-workspace/lf-ros/install/reactor-cpp-default/lib:${LD_LIBRARY_PATH} /usr/bin/cmake /home/erling/dev/lf-workspace/lf-ros/src-gen/MinimalPublisher -DLF_REACTOR_CPP_SUFFIX=default -DLF_SRC_PKG_PATH=/home/erling/dev/lf-workspace/lf-ros -DCMAKE_INSTALL_PREFIX=/home/erling/dev/lf-workspace/lf-ros/install/MinimalPublisher
[4.147s] DEBUG:colcon.colcon_core.event_handler.log_command:Invoking command in '/home/erling/dev/lf-workspace/lf-ros/build/MinimalPublisher': CMAKE_PREFIX_PATH=/home/erling/dev/lf-workspace/lf-ros/install/reactor-cpp-default:/opt/ros/rolling LD_LIBRARY_PATH=/home/erling/dev/lf-workspace/lf-ros/install/reactor-cpp-default/lib:${LD_LIBRARY_PATH} /usr/bin/cmake --build /home/erling/dev/lf-workspace/lf-ros/build/MinimalPublisher -- -j20 -l20
[8.667s] DEBUG:colcon.colcon_core.event_handler.log_command:Invoked command in '/home/erling/dev/lf-workspace/lf-ros/build/MinimalPublisher' returned '0': CMAKE_PREFIX_PATH=/home/erling/dev/lf-workspace/lf-ros/install/reactor-cpp-default:/opt/ros/rolling LD_LIBRARY_PATH=/home/erling/dev/lf-workspace/lf-ros/install/reactor-cpp-default/lib:${LD_LIBRARY_PATH} /usr/bin/cmake --build /home/erling/dev/lf-workspace/lf-ros/build/MinimalPublisher -- -j20 -l20
[8.730s] DEBUG:colcon.colcon_core.event_handler.log_command:Invoking command in '/home/erling/dev/lf-workspace/lf-ros/build/MinimalPublisher': CMAKE_PREFIX_PATH=/home/erling/dev/lf-workspace/lf-ros/install/reactor-cpp-default:/opt/ros/rolling LD_LIBRARY_PATH=/home/erling/dev/lf-workspace/lf-ros/install/reactor-cpp-default/lib:${LD_LIBRARY_PATH} /usr/bin/cmake --install /home/erling/dev/lf-workspace/lf-ros/build/MinimalPublisher
[8.753s] Level 1:colcon.colcon_core.environment:create_environment_scripts_only(MinimalPublisher)
[8.755s] Level 1:colcon.colcon_core.environment:checking '/home/erling/dev/lf-workspace/lf-ros/install/MinimalPublisher' for CMake module files
[8.756s] DEBUG:colcon.colcon_core.event_handler.log_command:Invoked command in '/home/erling/dev/lf-workspace/lf-ros/build/MinimalPublisher' returned '0': CMAKE_PREFIX_PATH=/home/erling/dev/lf-workspace/lf-ros/install/reactor-cpp-default:/opt/ros/rolling LD_LIBRARY_PATH=/home/erling/dev/lf-workspace/lf-ros/install/reactor-cpp-default/lib:${LD_LIBRARY_PATH} /usr/bin/cmake --install /home/erling/dev/lf-workspace/lf-ros/build/MinimalPublisher
[8.757s] Level 1:colcon.colcon_core.environment:checking '/home/erling/dev/lf-workspace/lf-ros/install/MinimalPublisher' for CMake config files
[8.758s] Level 1:colcon.colcon_core.shell:create_environment_hook('MinimalPublisher', 'cmake_prefix_path')
[8.760s] INFO:colcon.colcon_core.shell:Creating environment hook '/home/erling/dev/lf-workspace/lf-ros/install/MinimalPublisher/share/MinimalPublisher/hook/cmake_prefix_path.ps1'
[8.761s] INFO:colcon.colcon_core.shell:Creating environment descriptor '/home/erling/dev/lf-workspace/lf-ros/install/MinimalPublisher/share/MinimalPublisher/hook/cmake_prefix_path.dsv'
[8.761s] INFO:colcon.colcon_core.shell:Creating environment hook '/home/erling/dev/lf-workspace/lf-ros/install/MinimalPublisher/share/MinimalPublisher/hook/cmake_prefix_path.sh'
[8.763s] Level 1:colcon.colcon_core.environment:checking '/home/erling/dev/lf-workspace/lf-ros/install/MinimalPublisher/lib'
[8.763s] Level 1:colcon.colcon_core.shell:create_environment_hook('MinimalPublisher', 'ld_library_path_lib')
[8.764s] INFO:colcon.colcon_core.shell:Creating environment hook '/home/erling/dev/lf-workspace/lf-ros/install/MinimalPublisher/share/MinimalPublisher/hook/ld_library_path_lib.ps1'
[8.765s] INFO:colcon.colcon_core.shell:Creating environment descriptor '/home/erling/dev/lf-workspace/lf-ros/install/MinimalPublisher/share/MinimalPublisher/hook/ld_library_path_lib.dsv'
[8.765s] INFO:colcon.colcon_core.shell:Creating environment hook '/home/erling/dev/lf-workspace/lf-ros/install/MinimalPublisher/share/MinimalPublisher/hook/ld_library_path_lib.sh'
[8.766s] Level 1:colcon.colcon_core.environment:checking '/home/erling/dev/lf-workspace/lf-ros/install/MinimalPublisher/bin'
[8.766s] Level 1:colcon.colcon_core.environment:checking '/home/erling/dev/lf-workspace/lf-ros/install/MinimalPublisher/lib/pkgconfig/MinimalPublisher.pc'
[8.767s] Level 1:colcon.colcon_core.environment:checking '/home/erling/dev/lf-workspace/lf-ros/install/MinimalPublisher/lib/python3.8/site-packages'
[8.768s] INFO:colcon.colcon_core.shell:Creating package script '/home/erling/dev/lf-workspace/lf-ros/install/MinimalPublisher/share/MinimalPublisher/package.ps1'
[8.769s] INFO:colcon.colcon_core.shell:Creating package descriptor '/home/erling/dev/lf-workspace/lf-ros/install/MinimalPublisher/share/MinimalPublisher/package.dsv'
[8.770s] INFO:colcon.colcon_core.shell:Creating package script '/home/erling/dev/lf-workspace/lf-ros/install/MinimalPublisher/share/MinimalPublisher/package.sh'
[8.771s] INFO:colcon.colcon_core.shell:Creating package script '/home/erling/dev/lf-workspace/lf-ros/install/MinimalPublisher/share/MinimalPublisher/package.bash'
[8.772s] INFO:colcon.colcon_core.shell:Creating package script '/home/erling/dev/lf-workspace/lf-ros/install/MinimalPublisher/share/MinimalPublisher/package.zsh'
[8.772s] Level 1:colcon.colcon_core.environment:create_file_with_runtime_dependencies(/home/erling/dev/lf-workspace/lf-ros/install/MinimalPublisher/share/colcon-core/packages/MinimalPublisher)
[8.825s] Level 1:colcon.colcon_core.environment:create_environment_scripts_only(MinimalPublisher)
[8.827s] Level 1:colcon.colcon_core.environment:checking '/home/erling/dev/lf-workspace/lf-ros/install/MinimalPublisher' for CMake module files
[8.829s] Level 1:colcon.colcon_core.environment:checking '/home/erling/dev/lf-workspace/lf-ros/install/MinimalPublisher' for CMake config files
[8.829s] Level 1:colcon.colcon_core.shell:create_environment_hook('MinimalPublisher', 'cmake_prefix_path')
[8.831s] INFO:colcon.colcon_core.shell:Creating environment hook '/home/erling/dev/lf-workspace/lf-ros/install/MinimalPublisher/share/MinimalPublisher/hook/cmake_prefix_path.ps1'
[8.832s] INFO:colcon.colcon_core.shell:Creating environment descriptor '/home/erling/dev/lf-workspace/lf-ros/install/MinimalPublisher/share/MinimalPublisher/hook/cmake_prefix_path.dsv'
[8.833s] INFO:colcon.colcon_core.shell:Creating environment hook '/home/erling/dev/lf-workspace/lf-ros/install/MinimalPublisher/share/MinimalPublisher/hook/cmake_prefix_path.sh'
[8.834s] Level 1:colcon.colcon_core.environment:checking '/home/erling/dev/lf-workspace/lf-ros/install/MinimalPublisher/lib'
[8.835s] Level 1:colcon.colcon_core.shell:create_environment_hook('MinimalPublisher', 'ld_library_path_lib')
[8.836s] INFO:colcon.colcon_core.shell:Creating environment hook '/home/erling/dev/lf-workspace/lf-ros/install/MinimalPublisher/share/MinimalPublisher/hook/ld_library_path_lib.ps1'
[8.837s] INFO:colcon.colcon_core.shell:Creating environment descriptor '/home/erling/dev/lf-workspace/lf-ros/install/MinimalPublisher/share/MinimalPublisher/hook/ld_library_path_lib.dsv'
[8.837s] INFO:colcon.colcon_core.shell:Creating environment hook '/home/erling/dev/lf-workspace/lf-ros/install/MinimalPublisher/share/MinimalPublisher/hook/ld_library_path_lib.sh'
[8.838s] Level 1:colcon.colcon_core.environment:checking '/home/erling/dev/lf-workspace/lf-ros/install/MinimalPublisher/bin'
[8.838s] Level 1:colcon.colcon_core.environment:checking '/home/erling/dev/lf-workspace/lf-ros/install/MinimalPublisher/lib/pkgconfig/MinimalPublisher.pc'
[8.839s] Level 1:colcon.colcon_core.environment:checking '/home/erling/dev/lf-workspace/lf-ros/install/MinimalPublisher/lib/python3.8/site-packages'
[8.840s] INFO:colcon.colcon_core.shell:Creating package script '/home/erling/dev/lf-workspace/lf-ros/install/MinimalPublisher/share/MinimalPublisher/package.ps1'
[8.842s] INFO:colcon.colcon_core.shell:Creating package descriptor '/home/erling/dev/lf-workspace/lf-ros/install/MinimalPublisher/share/MinimalPublisher/package.dsv'
[8.843s] INFO:colcon.colcon_core.shell:Creating package script '/home/erling/dev/lf-workspace/lf-ros/install/MinimalPublisher/share/MinimalPublisher/package.sh'
[8.844s] INFO:colcon.colcon_core.shell:Creating package script '/home/erling/dev/lf-workspace/lf-ros/install/MinimalPublisher/share/MinimalPublisher/package.bash'
[8.845s] INFO:colcon.colcon_core.shell:Creating package script '/home/erling/dev/lf-workspace/lf-ros/install/MinimalPublisher/share/MinimalPublisher/package.zsh'
[8.845s] Level 1:colcon.colcon_core.environment:create_file_with_runtime_dependencies(/home/erling/dev/lf-workspace/lf-ros/install/MinimalPublisher/share/colcon-core/packages/MinimalPublisher)
[8.846s] DEBUG:colcon.colcon_parallel_executor.executor.parallel:closing loop
[8.847s] DEBUG:colcon.colcon_parallel_executor.executor.parallel:loop closed
[8.847s] DEBUG:colcon.colcon_parallel_executor.executor.parallel:run_until_complete finished with '0'
[8.847s] DEBUG:colcon.colcon_core.event_reactor:joining thread
[8.861s] INFO:colcon.colcon_core.plugin_system:Skipping extension 'colcon_notification.desktop_notification.terminal_notifier': Not used on non-Darwin systems
[8.861s] INFO:colcon.colcon_core.plugin_system:Skipping extension 'colcon_notification.desktop_notification.win32': Not used on non-Windows systems
[8.861s] INFO:colcon.colcon_notification.desktop_notification:Sending desktop notification using 'notify2'
[8.891s] DEBUG:colcon.colcon_core.event_reactor:joined thread
[8.892s] INFO:colcon.colcon_core.shell:Creating prefix script '/home/erling/dev/lf-workspace/lf-ros/install/local_setup.ps1'
[8.894s] INFO:colcon.colcon_core.shell:Creating prefix util module '/home/erling/dev/lf-workspace/lf-ros/install/_local_setup_util_ps1.py'
[8.897s] INFO:colcon.colcon_core.shell:Creating prefix chain script '/home/erling/dev/lf-workspace/lf-ros/install/setup.ps1'
[8.900s] INFO:colcon.colcon_core.shell:Creating prefix script '/home/erling/dev/lf-workspace/lf-ros/install/local_setup.sh'
[8.901s] INFO:colcon.colcon_core.shell:Creating prefix util module '/home/erling/dev/lf-workspace/lf-ros/install/_local_setup_util_sh.py'
[8.902s] INFO:colcon.colcon_core.shell:Creating prefix chain script '/home/erling/dev/lf-workspace/lf-ros/install/setup.sh'
[8.904s] INFO:colcon.colcon_core.shell:Creating prefix script '/home/erling/dev/lf-workspace/lf-ros/install/local_setup.bash'
[8.905s] INFO:colcon.colcon_core.shell:Creating prefix chain script '/home/erling/dev/lf-workspace/lf-ros/install/setup.bash'
[8.906s] INFO:colcon.colcon_core.shell:Creating prefix script '/home/erling/dev/lf-workspace/lf-ros/install/local_setup.zsh'
[8.907s] INFO:colcon.colcon_core.shell:Creating prefix chain script '/home/erling/dev/lf-workspace/lf-ros/install/setup.zsh'
