-- The CXX compiler identification is GNU 9.4.0
-- Check for working CXX compiler: /usr/bin/c++
-- Check for working CXX compiler: /usr/bin/c++ -- works
-- Detecting CXX compiler ABI info
-- Detecting CXX compiler ABI info - done
-- Detecting CXX compile features
-- Detecting CXX compile features - done
-- Found ament_cmake_auto: 1.2.1 (/opt/ros/rolling/share/ament_cmake_auto/cmake)
-- Found Python3: /usr/bin/python3.8 (found version "3.8.10") found components: Interpreter 
-- Using all available rosidl_typesupport_c: rosidl_typesupport_fastrtps_c;rosidl_typesupport_introspection_c
-- Found rosidl_adapter: 3.0.1 (/opt/ros/rolling/share/rosidl_adapter/cmake)
-- Using all available rosidl_typesupport_cpp: rosidl_typesupport_fastrtps_cpp;rosidl_typesupport_introspection_cpp
-- Found rmw_implementation_cmake: 5.1.0 (/opt/ros/rolling/share/rmw_implementation_cmake/cmake)
-- Found rmw_cyclonedds_cpp: 1.1.2 (/opt/ros/rolling/share/rmw_cyclonedds_cpp/cmake)
-- Using RMW implementation 'rmw_cyclonedds_cpp' as default
-- Configuring done
-- Generating done
-- Build files have been written to: /home/erling/dev/lf-workspace/lf-ros/build/MinimalPublisher
Scanning dependencies of target MinimalPublisher_exe
Scanning dependencies of target MinimalPublisher
[ 16%] Building CXX object CMakeFiles/MinimalPublisher_exe.dir/rclcpp_components/node_main_MinimalPublisher_exe.cpp.o
[ 33%] Building CXX object CMakeFiles/MinimalPublisher.dir/src/MinimalPublisherNode.cc.o
[ 50%] Building CXX object CMakeFiles/MinimalPublisher.dir/src/MinimalPublisher/MinimalPublisher.cc.o
[ 66%] Building CXX object CMakeFiles/MinimalPublisher.dir/src/MinimalPublisher/_lf_preamble.cc.o
[ 83%] Linking CXX executable MinimalPublisher_exe
[ 83%] Built target MinimalPublisher_exe
[100%] Linking CXX shared library libMinimalPublisher.so
[100%] Built target MinimalPublisher
-- Install configuration: "Release"
-- Installing: /home/erling/dev/lf-workspace/lf-ros/install/MinimalPublisher/lib/MinimalPublisher/MinimalPublisher_exe
-- Set runtime path of "/home/erling/dev/lf-workspace/lf-ros/install/MinimalPublisher/lib/MinimalPublisher/MinimalPublisher_exe" to ""
-- Installing: /home/erling/dev/lf-workspace/lf-ros/install/MinimalPublisher/include
-- Installing: /home/erling/dev/lf-workspace/lf-ros/install/MinimalPublisher/include/MinimalPublisherNode.hh
-- Installing: /home/erling/dev/lf-workspace/lf-ros/install/MinimalPublisher/share/MinimalPublisher/environment/library_path.sh
-- Installing: /home/erling/dev/lf-workspace/lf-ros/install/MinimalPublisher/share/MinimalPublisher/environment/library_path.dsv
-- Installing: /home/erling/dev/lf-workspace/lf-ros/install/MinimalPublisher/lib/libMinimalPublisher.so
-- Set runtime path of "/home/erling/dev/lf-workspace/lf-ros/install/MinimalPublisher/lib/libMinimalPublisher.so" to ""
-- Installing: /home/erling/dev/lf-workspace/lf-ros/install/MinimalPublisher/share/ament_index/resource_index/package_run_dependencies/MinimalPublisher
-- Installing: /home/erling/dev/lf-workspace/lf-ros/install/MinimalPublisher/share/ament_index/resource_index/parent_prefix_path/MinimalPublisher
-- Installing: /home/erling/dev/lf-workspace/lf-ros/install/MinimalPublisher/share/MinimalPublisher/environment/ament_prefix_path.sh
-- Installing: /home/erling/dev/lf-workspace/lf-ros/install/MinimalPublisher/share/MinimalPublisher/environment/ament_prefix_path.dsv
-- Installing: /home/erling/dev/lf-workspace/lf-ros/install/MinimalPublisher/share/MinimalPublisher/environment/path.sh
-- Installing: /home/erling/dev/lf-workspace/lf-ros/install/MinimalPublisher/share/MinimalPublisher/environment/path.dsv
-- Installing: /home/erling/dev/lf-workspace/lf-ros/install/MinimalPublisher/share/MinimalPublisher/local_setup.bash
-- Installing: /home/erling/dev/lf-workspace/lf-ros/install/MinimalPublisher/share/MinimalPublisher/local_setup.sh
-- Installing: /home/erling/dev/lf-workspace/lf-ros/install/MinimalPublisher/share/MinimalPublisher/local_setup.zsh
-- Installing: /home/erling/dev/lf-workspace/lf-ros/install/MinimalPublisher/share/MinimalPublisher/local_setup.dsv
-- Installing: /home/erling/dev/lf-workspace/lf-ros/install/MinimalPublisher/share/MinimalPublisher/package.dsv
-- Installing: /home/erling/dev/lf-workspace/lf-ros/install/MinimalPublisher/share/ament_index/resource_index/packages/MinimalPublisher
-- Installing: /home/erling/dev/lf-workspace/lf-ros/install/MinimalPublisher/share/ament_index/resource_index/rclcpp_components/MinimalPublisher
-- Installing: /home/erling/dev/lf-workspace/lf-ros/install/MinimalPublisher/share/MinimalPublisher/cmake/ament_cmake_export_dependencies-extras.cmake
-- Installing: /home/erling/dev/lf-workspace/lf-ros/install/MinimalPublisher/share/MinimalPublisher/cmake/ament_cmake_export_include_directories-extras.cmake
-- Installing: /home/erling/dev/lf-workspace/lf-ros/install/MinimalPublisher/share/MinimalPublisher/cmake/ament_cmake_export_libraries-extras.cmake
-- Installing: /home/erling/dev/lf-workspace/lf-ros/install/MinimalPublisher/share/MinimalPublisher/cmake/MinimalPublisherConfig.cmake
-- Installing: /home/erling/dev/lf-workspace/lf-ros/install/MinimalPublisher/share/MinimalPublisher/cmake/MinimalPublisherConfig-version.cmake
-- Installing: /home/erling/dev/lf-workspace/lf-ros/install/MinimalPublisher/share/MinimalPublisher/package.xml
