[0.110s] DEBUG:colcon:Command line arguments: ['/usr/bin/colcon', 'build', '--packages-select', 'MinimalSubscriber', 'reactor-cpp-default', '--cmake-args', '-DLF_REACTOR_CPP_SUFFIX=default', '-DLF_SRC_PKG_PATH=/home/erling/dev/lf-workspace/lf-ros']
[0.110s] DEBUG:colcon:Parsed command line arguments: Namespace(allow_overriding=[], ament_cmake_args=None, base_paths=['.'], build_base='build', catkin_cmake_args=None, catkin_skip_building_tests=False, cmake_args=['-DLF_REACTOR_CPP_SUFFIX=default', '-DLF_SRC_PKG_PATH=/home/erling/dev/lf-workspace/lf-ros'], cmake_clean_cache=False, cmake_clean_first=False, cmake_force_configure=False, cmake_target=None, cmake_target_skip_unavailable=False, continue_on_error=False, event_handlers=None, executor='parallel', ignore_user_meta=False, install_base='install', log_base=None, log_level=None, main=<bound method BuildVerb.main of <colcon_core.verb.build.BuildVerb object at 0x7f7764613c40>>, merge_install=False, metas=['./colcon.meta'], mixin=None, mixin_files=None, mixin_verb=('build',), packages_above=None, packages_above_and_dependencies=None, packages_above_depth=None, packages_end=None, packages_ignore=None, packages_ignore_regex=None, packages_select=['MinimalSubscriber', 'reactor-cpp-default'], packages_select_build_failed=False, packages_select_by_dep=None, packages_select_regex=None, packages_select_test_failures=False, packages_skip=None, packages_skip_build_finished=False, packages_skip_by_dep=None, packages_skip_regex=None, packages_skip_test_passed=False, packages_skip_up_to=None, packages_start=None, packages_up_to=None, packages_up_to_regex=None, parallel_workers=20, paths=None, symlink_install=False, test_result_base=None, verb_extension=<colcon_core.verb.build.BuildVerb object at 0x7f7764613c40>, verb_name='build', verb_parser=<colcon_mixin.mixin.mixin_argument.MixinArgumentDecorator object at 0x7f776459e250>)
[0.128s] Level 1:colcon.colcon_core.package_discovery:discover_packages(colcon_meta) check parameters
[0.128s] Level 1:colcon.colcon_core.package_discovery:discover_packages(recursive) check parameters
[0.128s] Level 1:colcon.colcon_core.package_discovery:discover_packages(ignore) check parameters
[0.128s] Level 1:colcon.colcon_core.package_discovery:discover_packages(path) check parameters
[0.128s] Level 1:colcon.colcon_core.package_discovery:discover_packages(colcon_meta) discover
[0.128s] Level 1:colcon.colcon_core.package_discovery:discover_packages(recursive) discover
[0.128s] INFO:colcon.colcon_core.package_discovery:Crawling recursively for packages in '/home/erling/dev/lf-workspace/lf-ros'
[0.128s] Level 1:colcon.colcon_core.package_identification:_identify(.) by extensions ['ignore', 'ignore_ament_install']
[0.129s] Level 1:colcon.colcon_core.package_identification:_identify(.) by extension 'ignore'
[0.129s] Level 1:colcon.colcon_core.package_identification:_identify(.) by extension 'ignore_ament_install'
[0.129s] Level 1:colcon.colcon_core.package_identification:_identify(.) by extensions ['colcon_pkg']
[0.129s] Level 1:colcon.colcon_core.package_identification:_identify(.) by extension 'colcon_pkg'
[0.129s] Level 1:colcon.colcon_core.package_identification:_identify(.) by extensions ['colcon_meta']
[0.129s] Level 1:colcon.colcon_core.package_identification:_identify(.) by extension 'colcon_meta'
[0.129s] Level 1:colcon.colcon_core.package_identification:_identify(.) by extensions ['ros']
[0.129s] Level 1:colcon.colcon_core.package_identification:_identify(.) by extension 'ros'
[0.137s] Level 1:colcon.colcon_core.package_identification:_identify(.) by extensions ['cmake', 'python']
[0.137s] Level 1:colcon.colcon_core.package_identification:_identify(.) by extension 'cmake'
[0.137s] Level 1:colcon.colcon_core.package_identification:_identify(.) by extension 'python'
[0.137s] Level 1:colcon.colcon_core.package_identification:_identify(.) by extensions ['python_setup_py']
[0.138s] Level 1:colcon.colcon_core.package_identification:_identify(.) by extension 'python_setup_py'
[0.138s] Level 1:colcon.colcon_core.package_identification:_identify(bin) by extensions ['ignore', 'ignore_ament_install']
[0.138s] Level 1:colcon.colcon_core.package_identification:_identify(bin) by extension 'ignore'
[0.138s] Level 1:colcon.colcon_core.package_identification:_identify(bin) by extension 'ignore_ament_install'
[0.138s] Level 1:colcon.colcon_core.package_identification:_identify(bin) by extensions ['colcon_pkg']
[0.138s] Level 1:colcon.colcon_core.package_identification:_identify(bin) by extension 'colcon_pkg'
[0.138s] Level 1:colcon.colcon_core.package_identification:_identify(bin) by extensions ['colcon_meta']
[0.138s] Level 1:colcon.colcon_core.package_identification:_identify(bin) by extension 'colcon_meta'
[0.138s] Level 1:colcon.colcon_core.package_identification:_identify(bin) by extensions ['ros']
[0.138s] Level 1:colcon.colcon_core.package_identification:_identify(bin) by extension 'ros'
[0.138s] Level 1:colcon.colcon_core.package_identification:_identify(bin) by extensions ['cmake', 'python']
[0.138s] Level 1:colcon.colcon_core.package_identification:_identify(bin) by extension 'cmake'
[0.138s] Level 1:colcon.colcon_core.package_identification:_identify(bin) by extension 'python'
[0.138s] Level 1:colcon.colcon_core.package_identification:_identify(bin) by extensions ['python_setup_py']
[0.138s] Level 1:colcon.colcon_core.package_identification:_identify(bin) by extension 'python_setup_py'
[0.138s] Level 1:colcon.colcon_core.package_identification:_identify(build) by extensions ['ignore', 'ignore_ament_install']
[0.138s] Level 1:colcon.colcon_core.package_identification:_identify(build) by extension 'ignore'
[0.138s] Level 1:colcon.colcon_core.package_identification:_identify(build) ignored
[0.138s] Level 1:colcon.colcon_core.package_identification:_identify(install) by extensions ['ignore', 'ignore_ament_install']
[0.138s] Level 1:colcon.colcon_core.package_identification:_identify(install) by extension 'ignore'
[0.138s] Level 1:colcon.colcon_core.package_identification:_identify(install) ignored
[0.138s] Level 1:colcon.colcon_core.package_identification:_identify(log) by extensions ['ignore', 'ignore_ament_install']
[0.139s] Level 1:colcon.colcon_core.package_identification:_identify(log) by extension 'ignore'
[0.139s] Level 1:colcon.colcon_core.package_identification:_identify(log) ignored
[0.139s] Level 1:colcon.colcon_core.package_identification:_identify(src) by extensions ['ignore', 'ignore_ament_install']
[0.139s] Level 1:colcon.colcon_core.package_identification:_identify(src) by extension 'ignore'
[0.139s] Level 1:colcon.colcon_core.package_identification:_identify(src) by extension 'ignore_ament_install'
[0.139s] Level 1:colcon.colcon_core.package_identification:_identify(src) by extensions ['colcon_pkg']
[0.139s] Level 1:colcon.colcon_core.package_identification:_identify(src) by extension 'colcon_pkg'
[0.139s] Level 1:colcon.colcon_core.package_identification:_identify(src) by extensions ['colcon_meta']
[0.139s] Level 1:colcon.colcon_core.package_identification:_identify(src) by extension 'colcon_meta'
[0.139s] Level 1:colcon.colcon_core.package_identification:_identify(src) by extensions ['ros']
[0.139s] Level 1:colcon.colcon_core.package_identification:_identify(src) by extension 'ros'
[0.139s] Level 1:colcon.colcon_core.package_identification:_identify(src) by extensions ['cmake', 'python']
[0.139s] Level 1:colcon.colcon_core.package_identification:_identify(src) by extension 'cmake'
[0.139s] Level 1:colcon.colcon_core.package_identification:_identify(src) by extension 'python'
[0.139s] Level 1:colcon.colcon_core.package_identification:_identify(src) by extensions ['python_setup_py']
[0.139s] Level 1:colcon.colcon_core.package_identification:_identify(src) by extension 'python_setup_py'
[0.139s] Level 1:colcon.colcon_core.package_identification:_identify(src-gen) by extensions ['ignore', 'ignore_ament_install']
[0.139s] Level 1:colcon.colcon_core.package_identification:_identify(src-gen) by extension 'ignore'
[0.139s] Level 1:colcon.colcon_core.package_identification:_identify(src-gen) by extension 'ignore_ament_install'
[0.139s] Level 1:colcon.colcon_core.package_identification:_identify(src-gen) by extensions ['colcon_pkg']
[0.139s] Level 1:colcon.colcon_core.package_identification:_identify(src-gen) by extension 'colcon_pkg'
[0.139s] Level 1:colcon.colcon_core.package_identification:_identify(src-gen) by extensions ['colcon_meta']
[0.139s] Level 1:colcon.colcon_core.package_identification:_identify(src-gen) by extension 'colcon_meta'
[0.139s] Level 1:colcon.colcon_core.package_identification:_identify(src-gen) by extensions ['ros']
[0.139s] Level 1:colcon.colcon_core.package_identification:_identify(src-gen) by extension 'ros'
[0.139s] Level 1:colcon.colcon_core.package_identification:_identify(src-gen) by extensions ['cmake', 'python']
[0.139s] Level 1:colcon.colcon_core.package_identification:_identify(src-gen) by extension 'cmake'
[0.139s] Level 1:colcon.colcon_core.package_identification:_identify(src-gen) by extension 'python'
[0.140s] Level 1:colcon.colcon_core.package_identification:_identify(src-gen) by extensions ['python_setup_py']
[0.140s] Level 1:colcon.colcon_core.package_identification:_identify(src-gen) by extension 'python_setup_py'
[0.140s] Level 1:colcon.colcon_core.package_identification:_identify(src-gen/MinimalPublisher) by extensions ['ignore', 'ignore_ament_install']
[0.140s] Level 1:colcon.colcon_core.package_identification:_identify(src-gen/MinimalPublisher) by extension 'ignore'
[0.140s] Level 1:colcon.colcon_core.package_identification:_identify(src-gen/MinimalPublisher) by extension 'ignore_ament_install'
[0.140s] Level 1:colcon.colcon_core.package_identification:_identify(src-gen/MinimalPublisher) by extensions ['colcon_pkg']
[0.140s] Level 1:colcon.colcon_core.package_identification:_identify(src-gen/MinimalPublisher) by extension 'colcon_pkg'
[0.140s] Level 1:colcon.colcon_core.package_identification:_identify(src-gen/MinimalPublisher) by extensions ['colcon_meta']
[0.140s] Level 1:colcon.colcon_core.package_identification:_identify(src-gen/MinimalPublisher) by extension 'colcon_meta'
[0.140s] Level 1:colcon.colcon_core.package_identification:_identify(src-gen/MinimalPublisher) by extensions ['ros']
[0.140s] Level 1:colcon.colcon_core.package_identification:_identify(src-gen/MinimalPublisher) by extension 'ros'
[0.142s] DEBUG:colcon.colcon_core.package_identification:Package 'src-gen/MinimalPublisher' with type 'ros.ament_cmake' and name 'MinimalPublisher'
[0.142s] Level 1:colcon.colcon_core.package_identification:_identify(src-gen/MinimalSubscriber) by extensions ['ignore', 'ignore_ament_install']
[0.142s] Level 1:colcon.colcon_core.package_identification:_identify(src-gen/MinimalSubscriber) by extension 'ignore'
[0.142s] Level 1:colcon.colcon_core.package_identification:_identify(src-gen/MinimalSubscriber) by extension 'ignore_ament_install'
[0.142s] Level 1:colcon.colcon_core.package_identification:_identify(src-gen/MinimalSubscriber) by extensions ['colcon_pkg']
[0.142s] Level 1:colcon.colcon_core.package_identification:_identify(src-gen/MinimalSubscriber) by extension 'colcon_pkg'
[0.142s] Level 1:colcon.colcon_core.package_identification:_identify(src-gen/MinimalSubscriber) by extensions ['colcon_meta']
[0.142s] Level 1:colcon.colcon_core.package_identification:_identify(src-gen/MinimalSubscriber) by extension 'colcon_meta'
[0.142s] Level 1:colcon.colcon_core.package_identification:_identify(src-gen/MinimalSubscriber) by extensions ['ros']
[0.142s] Level 1:colcon.colcon_core.package_identification:_identify(src-gen/MinimalSubscriber) by extension 'ros'
[0.143s] DEBUG:colcon.colcon_core.package_identification:Package 'src-gen/MinimalSubscriber' with type 'ros.ament_cmake' and name 'MinimalSubscriber'
[0.143s] Level 1:colcon.colcon_core.package_identification:_identify(src-gen/reactor-cpp-default) by extensions ['ignore', 'ignore_ament_install']
[0.143s] Level 1:colcon.colcon_core.package_identification:_identify(src-gen/reactor-cpp-default) by extension 'ignore'
[0.143s] Level 1:colcon.colcon_core.package_identification:_identify(src-gen/reactor-cpp-default) by extension 'ignore_ament_install'
[0.143s] Level 1:colcon.colcon_core.package_identification:_identify(src-gen/reactor-cpp-default) by extensions ['colcon_pkg']
[0.143s] Level 1:colcon.colcon_core.package_identification:_identify(src-gen/reactor-cpp-default) by extension 'colcon_pkg'
[0.143s] Level 1:colcon.colcon_core.package_identification:_identify(src-gen/reactor-cpp-default) by extensions ['colcon_meta']
[0.143s] Level 1:colcon.colcon_core.package_identification:_identify(src-gen/reactor-cpp-default) by extension 'colcon_meta'
[0.143s] Level 1:colcon.colcon_core.package_identification:_identify(src-gen/reactor-cpp-default) by extensions ['ros']
[0.143s] Level 1:colcon.colcon_core.package_identification:_identify(src-gen/reactor-cpp-default) by extension 'ros'
[0.144s] DEBUG:colcon.colcon_core.package_identification:Failed to parse potential ROS package manifest in'src-gen/reactor-cpp-default': Error(s) in package 'src-gen/reactor-cpp-default/package.xml':
The manifest contains invalid XML:
junk after document element: line 13, column 0
[0.144s] Level 1:colcon.colcon_core.package_identification:_identify(src-gen/reactor-cpp-default) by extensions ['cmake', 'python']
[0.144s] Level 1:colcon.colcon_core.package_identification:_identify(src-gen/reactor-cpp-default) by extension 'cmake'
[0.145s] Level 1:colcon.colcon_core.package_identification:_identify(src-gen/reactor-cpp-default) by extension 'python'
[0.145s] DEBUG:colcon.colcon_core.package_identification:Package 'src-gen/reactor-cpp-default' with type 'cmake' and name 'reactor-cpp-default'
[0.145s] Level 1:colcon.colcon_core.package_discovery:discover_packages(recursive) using defaults
[0.145s] Level 1:colcon.colcon_core.package_discovery:discover_packages(ignore) discover
[0.145s] Level 1:colcon.colcon_core.package_discovery:discover_packages(ignore) using defaults
[0.145s] Level 1:colcon.colcon_core.package_discovery:discover_packages(path) discover
[0.145s] Level 1:colcon.colcon_core.package_discovery:discover_packages(path) using defaults
[0.168s] INFO:colcon.colcon_core.package_selection:Skipping not selected package 'MinimalPublisher' in 'src-gen/MinimalPublisher'
[0.169s] Level 1:colcon.colcon_core.package_discovery:discover_packages(prefix_path) check parameters
[0.169s] Level 1:colcon.colcon_core.package_discovery:discover_packages(prefix_path) discover
[0.171s] DEBUG:colcon.colcon_installed_package_information.package_discovery:Found 271 installed packages in /opt/ros/rolling
[0.172s] Level 1:colcon.colcon_core.package_discovery:discover_packages(prefix_path) using defaults
[0.231s] Level 5:colcon.colcon_core.verb:set package 'reactor-cpp-default' build argument 'cmake_args' from command line to '['-DLF_REACTOR_CPP_SUFFIX=default', '-DLF_SRC_PKG_PATH=/home/erling/dev/lf-workspace/lf-ros']'
[0.231s] Level 5:colcon.colcon_core.verb:set package 'reactor-cpp-default' build argument 'cmake_target' from command line to 'None'
[0.232s] Level 5:colcon.colcon_core.verb:set package 'reactor-cpp-default' build argument 'cmake_target_skip_unavailable' from command line to 'False'
[0.232s] Level 5:colcon.colcon_core.verb:set package 'reactor-cpp-default' build argument 'cmake_clean_cache' from command line to 'False'
[0.232s] Level 5:colcon.colcon_core.verb:set package 'reactor-cpp-default' build argument 'cmake_clean_first' from command line to 'False'
[0.232s] Level 5:colcon.colcon_core.verb:set package 'reactor-cpp-default' build argument 'cmake_force_configure' from command line to 'False'
[0.232s] Level 5:colcon.colcon_core.verb:set package 'reactor-cpp-default' build argument 'ament_cmake_args' from command line to 'None'
[0.232s] Level 5:colcon.colcon_core.verb:set package 'reactor-cpp-default' build argument 'catkin_cmake_args' from command line to 'None'
[0.232s] Level 5:colcon.colcon_core.verb:set package 'reactor-cpp-default' build argument 'catkin_skip_building_tests' from command line to 'False'
[0.232s] DEBUG:colcon.colcon_core.verb:Building package 'reactor-cpp-default' with the following arguments: {'ament_cmake_args': None, 'build_base': '/home/erling/dev/lf-workspace/lf-ros/build/reactor-cpp-default', 'catkin_cmake_args': None, 'catkin_skip_building_tests': False, 'cmake_args': ['-DLF_REACTOR_CPP_SUFFIX=default', '-DLF_SRC_PKG_PATH=/home/erling/dev/lf-workspace/lf-ros'], 'cmake_clean_cache': False, 'cmake_clean_first': False, 'cmake_force_configure': False, 'cmake_target': None, 'cmake_target_skip_unavailable': False, 'install_base': '/home/erling/dev/lf-workspace/lf-ros/install/reactor-cpp-default', 'merge_install': False, 'path': '/home/erling/dev/lf-workspace/lf-ros/src-gen/reactor-cpp-default', 'symlink_install': False, 'test_result_base': None}
[0.232s] Level 5:colcon.colcon_core.verb:set package 'MinimalSubscriber' build argument 'cmake_args' from command line to '['-DLF_REACTOR_CPP_SUFFIX=default', '-DLF_SRC_PKG_PATH=/home/erling/dev/lf-workspace/lf-ros']'
[0.232s] Level 5:colcon.colcon_core.verb:set package 'MinimalSubscriber' build argument 'cmake_target' from command line to 'None'
[0.232s] Level 5:colcon.colcon_core.verb:set package 'MinimalSubscriber' build argument 'cmake_target_skip_unavailable' from command line to 'False'
[0.232s] Level 5:colcon.colcon_core.verb:set package 'MinimalSubscriber' build argument 'cmake_clean_cache' from command line to 'False'
[0.232s] Level 5:colcon.colcon_core.verb:set package 'MinimalSubscriber' build argument 'cmake_clean_first' from command line to 'False'
[0.232s] Level 5:colcon.colcon_core.verb:set package 'MinimalSubscriber' build argument 'cmake_force_configure' from command line to 'False'
[0.232s] Level 5:colcon.colcon_core.verb:set package 'MinimalSubscriber' build argument 'ament_cmake_args' from command line to 'None'
[0.232s] Level 5:colcon.colcon_core.verb:set package 'MinimalSubscriber' build argument 'catkin_cmake_args' from command line to 'None'
[0.232s] Level 5:colcon.colcon_core.verb:set package 'MinimalSubscriber' build argument 'catkin_skip_building_tests' from command line to 'False'
[0.232s] DEBUG:colcon.colcon_core.verb:Building package 'MinimalSubscriber' with the following arguments: {'ament_cmake_args': None, 'build_base': '/home/erling/dev/lf-workspace/lf-ros/build/MinimalSubscriber', 'catkin_cmake_args': None, 'catkin_skip_building_tests': False, 'cmake_args': ['-DLF_REACTOR_CPP_SUFFIX=default', '-DLF_SRC_PKG_PATH=/home/erling/dev/lf-workspace/lf-ros'], 'cmake_clean_cache': False, 'cmake_clean_first': False, 'cmake_force_configure': False, 'cmake_target': None, 'cmake_target_skip_unavailable': False, 'install_base': '/home/erling/dev/lf-workspace/lf-ros/install/MinimalSubscriber', 'merge_install': False, 'path': '/home/erling/dev/lf-workspace/lf-ros/src-gen/MinimalSubscriber', 'symlink_install': False, 'test_result_base': None}
[0.233s] INFO:colcon.colcon_core.executor:Executing jobs using 'parallel' executor
[0.234s] DEBUG:colcon.colcon_parallel_executor.executor.parallel:run_until_complete
[0.235s] INFO:colcon.colcon_cmake.task.cmake.build:Building CMake package in '/home/erling/dev/lf-workspace/lf-ros/src-gen/reactor-cpp-default'
[0.237s] INFO:colcon.colcon_core.plugin_system:Skipping extension 'colcon_core.shell.bat': Not used on non-Windows systems
[0.237s] INFO:colcon.colcon_core.shell:Skip shell extension 'powershell' for command environment: Not usable outside of PowerShell
[0.237s] DEBUG:colcon.colcon_core.shell:Skip shell extension 'dsv' for command environment
[0.255s] DEBUG:colcon.colcon_core.event_handler.log_command:Invoking command in '/home/erling/dev/lf-workspace/lf-ros/build/reactor-cpp-default': /usr/bin/cmake --build /home/erling/dev/lf-workspace/lf-ros/build/reactor-cpp-default -- -j20 -l20
[0.347s] DEBUG:colcon.colcon_core.event_handler.log_command:Invoked command in '/home/erling/dev/lf-workspace/lf-ros/build/reactor-cpp-default' returned '0': /usr/bin/cmake --build /home/erling/dev/lf-workspace/lf-ros/build/reactor-cpp-default -- -j20 -l20
[0.409s] DEBUG:colcon.colcon_core.event_handler.log_command:Invoking command in '/home/erling/dev/lf-workspace/lf-ros/build/reactor-cpp-default': /usr/bin/cmake --install /home/erling/dev/lf-workspace/lf-ros/build/reactor-cpp-default
[0.431s] Level 1:colcon.colcon_core.environment:create_environment_scripts_only(reactor-cpp-default)
[0.441s] DEBUG:colcon.colcon_core.event_handler.log_command:Invoked command in '/home/erling/dev/lf-workspace/lf-ros/build/reactor-cpp-default' returned '0': /usr/bin/cmake --install /home/erling/dev/lf-workspace/lf-ros/build/reactor-cpp-default
[0.444s] Level 1:colcon.colcon_core.environment:checking '/home/erling/dev/lf-workspace/lf-ros/install/reactor-cpp-default' for CMake module files
[0.445s] Level 1:colcon.colcon_core.environment:checking '/home/erling/dev/lf-workspace/lf-ros/install/reactor-cpp-default' for CMake config files
[0.446s] Level 1:colcon.colcon_core.shell:create_environment_hook('reactor-cpp-default', 'cmake_prefix_path')
[0.447s] INFO:colcon.colcon_core.shell:Creating environment hook '/home/erling/dev/lf-workspace/lf-ros/install/reactor-cpp-default/share/reactor-cpp-default/hook/cmake_prefix_path.ps1'
[0.449s] INFO:colcon.colcon_core.shell:Creating environment descriptor '/home/erling/dev/lf-workspace/lf-ros/install/reactor-cpp-default/share/reactor-cpp-default/hook/cmake_prefix_path.dsv'
[0.450s] INFO:colcon.colcon_core.shell:Creating environment hook '/home/erling/dev/lf-workspace/lf-ros/install/reactor-cpp-default/share/reactor-cpp-default/hook/cmake_prefix_path.sh'
[0.452s] Level 1:colcon.colcon_core.environment:checking '/home/erling/dev/lf-workspace/lf-ros/install/reactor-cpp-default/lib'
[0.452s] Level 1:colcon.colcon_core.shell:create_environment_hook('reactor-cpp-default', 'ld_library_path_lib')
[0.453s] INFO:colcon.colcon_core.shell:Creating environment hook '/home/erling/dev/lf-workspace/lf-ros/install/reactor-cpp-default/share/reactor-cpp-default/hook/ld_library_path_lib.ps1'
[0.454s] INFO:colcon.colcon_core.shell:Creating environment descriptor '/home/erling/dev/lf-workspace/lf-ros/install/reactor-cpp-default/share/reactor-cpp-default/hook/ld_library_path_lib.dsv'
[0.455s] INFO:colcon.colcon_core.shell:Creating environment hook '/home/erling/dev/lf-workspace/lf-ros/install/reactor-cpp-default/share/reactor-cpp-default/hook/ld_library_path_lib.sh'
[0.455s] Level 1:colcon.colcon_core.environment:checking '/home/erling/dev/lf-workspace/lf-ros/install/reactor-cpp-default/bin'
[0.455s] Level 1:colcon.colcon_core.environment:checking '/home/erling/dev/lf-workspace/lf-ros/install/reactor-cpp-default/lib/pkgconfig/reactor-cpp-default.pc'
[0.456s] Level 1:colcon.colcon_core.environment:checking '/home/erling/dev/lf-workspace/lf-ros/install/reactor-cpp-default/lib/python3.8/site-packages'
[0.457s] INFO:colcon.colcon_core.shell:Creating package script '/home/erling/dev/lf-workspace/lf-ros/install/reactor-cpp-default/share/reactor-cpp-default/package.ps1'
[0.458s] INFO:colcon.colcon_core.shell:Creating package descriptor '/home/erling/dev/lf-workspace/lf-ros/install/reactor-cpp-default/share/reactor-cpp-default/package.dsv'
[0.459s] INFO:colcon.colcon_core.shell:Creating package script '/home/erling/dev/lf-workspace/lf-ros/install/reactor-cpp-default/share/reactor-cpp-default/package.sh'
[0.460s] INFO:colcon.colcon_core.shell:Creating package script '/home/erling/dev/lf-workspace/lf-ros/install/reactor-cpp-default/share/reactor-cpp-default/package.bash'
[0.461s] INFO:colcon.colcon_core.shell:Creating package script '/home/erling/dev/lf-workspace/lf-ros/install/reactor-cpp-default/share/reactor-cpp-default/package.zsh'
[0.462s] Level 1:colcon.colcon_core.environment:create_file_with_runtime_dependencies(/home/erling/dev/lf-workspace/lf-ros/install/reactor-cpp-default/share/colcon-core/packages/reactor-cpp-default)
[0.463s] INFO:colcon.colcon_ros.task.ament_cmake.build:Building ROS package in '/home/erling/dev/lf-workspace/lf-ros/src-gen/MinimalSubscriber' with build type 'ament_cmake'
[0.463s] INFO:colcon.colcon_cmake.task.cmake.build:Building CMake package in '/home/erling/dev/lf-workspace/lf-ros/src-gen/MinimalSubscriber'
[0.465s] INFO:colcon.colcon_core.shell:Skip shell extension 'powershell' for command environment: Not usable outside of PowerShell
[0.465s] DEBUG:colcon.colcon_core.shell:Skip shell extension 'dsv' for command environment
[0.487s] DEBUG:colcon.colcon_core.event_handler.log_command:Invoking command in '/home/erling/dev/lf-workspace/lf-ros/build/MinimalSubscriber': CMAKE_PREFIX_PATH=/home/erling/dev/lf-workspace/lf-ros/install/reactor-cpp-default:/opt/ros/rolling LD_LIBRARY_PATH=/home/erling/dev/lf-workspace/lf-ros/install/reactor-cpp-default/lib:${LD_LIBRARY_PATH} /usr/bin/cmake /home/erling/dev/lf-workspace/lf-ros/src-gen/MinimalSubscriber -DLF_REACTOR_CPP_SUFFIX=default -DLF_SRC_PKG_PATH=/home/erling/dev/lf-workspace/lf-ros -DCMAKE_INSTALL_PREFIX=/home/erling/dev/lf-workspace/lf-ros/install/MinimalSubscriber
[1.573s] DEBUG:colcon.colcon_core.event_handler.log_command:Invoked command in '/home/erling/dev/lf-workspace/lf-ros/build/MinimalSubscriber' returned '0': CMAKE_PREFIX_PATH=/home/erling/dev/lf-workspace/lf-ros/install/reactor-cpp-default:/opt/ros/rolling LD_LIBRARY_PATH=/home/erling/dev/lf-workspace/lf-ros/install/reactor-cpp-default/lib:${LD_LIBRARY_PATH} /usr/bin/cmake /home/erling/dev/lf-workspace/lf-ros/src-gen/MinimalSubscriber -DLF_REACTOR_CPP_SUFFIX=default -DLF_SRC_PKG_PATH=/home/erling/dev/lf-workspace/lf-ros -DCMAKE_INSTALL_PREFIX=/home/erling/dev/lf-workspace/lf-ros/install/MinimalSubscriber
[1.578s] DEBUG:colcon.colcon_core.event_handler.log_command:Invoking command in '/home/erling/dev/lf-workspace/lf-ros/build/MinimalSubscriber': CMAKE_PREFIX_PATH=/home/erling/dev/lf-workspace/lf-ros/install/reactor-cpp-default:/opt/ros/rolling LD_LIBRARY_PATH=/home/erling/dev/lf-workspace/lf-ros/install/reactor-cpp-default/lib:${LD_LIBRARY_PATH} /usr/bin/cmake --build /home/erling/dev/lf-workspace/lf-ros/build/MinimalSubscriber -- -j20 -l20
[10.162s] DEBUG:colcon.colcon_core.event_handler.log_command:Invoked command in '/home/erling/dev/lf-workspace/lf-ros/build/MinimalSubscriber' returned '0': CMAKE_PREFIX_PATH=/home/erling/dev/lf-workspace/lf-ros/install/reactor-cpp-default:/opt/ros/rolling LD_LIBRARY_PATH=/home/erling/dev/lf-workspace/lf-ros/install/reactor-cpp-default/lib:${LD_LIBRARY_PATH} /usr/bin/cmake --build /home/erling/dev/lf-workspace/lf-ros/build/MinimalSubscriber -- -j20 -l20
[10.225s] DEBUG:colcon.colcon_core.event_handler.log_command:Invoking command in '/home/erling/dev/lf-workspace/lf-ros/build/MinimalSubscriber': CMAKE_PREFIX_PATH=/home/erling/dev/lf-workspace/lf-ros/install/reactor-cpp-default:/opt/ros/rolling LD_LIBRARY_PATH=/home/erling/dev/lf-workspace/lf-ros/install/reactor-cpp-default/lib:${LD_LIBRARY_PATH} /usr/bin/cmake --install /home/erling/dev/lf-workspace/lf-ros/build/MinimalSubscriber
[10.254s] Level 1:colcon.colcon_core.environment:create_environment_scripts_only(MinimalSubscriber)
[10.257s] Level 1:colcon.colcon_core.environment:checking '/home/erling/dev/lf-workspace/lf-ros/install/MinimalSubscriber' for CMake module files
[10.258s] DEBUG:colcon.colcon_core.event_handler.log_command:Invoked command in '/home/erling/dev/lf-workspace/lf-ros/build/MinimalSubscriber' returned '0': CMAKE_PREFIX_PATH=/home/erling/dev/lf-workspace/lf-ros/install/reactor-cpp-default:/opt/ros/rolling LD_LIBRARY_PATH=/home/erling/dev/lf-workspace/lf-ros/install/reactor-cpp-default/lib:${LD_LIBRARY_PATH} /usr/bin/cmake --install /home/erling/dev/lf-workspace/lf-ros/build/MinimalSubscriber
[10.259s] Level 1:colcon.colcon_core.environment:checking '/home/erling/dev/lf-workspace/lf-ros/install/MinimalSubscriber' for CMake config files
[10.259s] Level 1:colcon.colcon_core.shell:create_environment_hook('MinimalSubscriber', 'cmake_prefix_path')
[10.261s] INFO:colcon.colcon_core.shell:Creating environment hook '/home/erling/dev/lf-workspace/lf-ros/install/MinimalSubscriber/share/MinimalSubscriber/hook/cmake_prefix_path.ps1'
[10.262s] INFO:colcon.colcon_core.shell:Creating environment descriptor '/home/erling/dev/lf-workspace/lf-ros/install/MinimalSubscriber/share/MinimalSubscriber/hook/cmake_prefix_path.dsv'
[10.263s] INFO:colcon.colcon_core.shell:Creating environment hook '/home/erling/dev/lf-workspace/lf-ros/install/MinimalSubscriber/share/MinimalSubscriber/hook/cmake_prefix_path.sh'
[10.264s] Level 1:colcon.colcon_core.environment:checking '/home/erling/dev/lf-workspace/lf-ros/install/MinimalSubscriber/lib'
[10.264s] Level 1:colcon.colcon_core.shell:create_environment_hook('MinimalSubscriber', 'ld_library_path_lib')
[10.265s] INFO:colcon.colcon_core.shell:Creating environment hook '/home/erling/dev/lf-workspace/lf-ros/install/MinimalSubscriber/share/MinimalSubscriber/hook/ld_library_path_lib.ps1'
[10.266s] INFO:colcon.colcon_core.shell:Creating environment descriptor '/home/erling/dev/lf-workspace/lf-ros/install/MinimalSubscriber/share/MinimalSubscriber/hook/ld_library_path_lib.dsv'
[10.267s] INFO:colcon.colcon_core.shell:Creating environment hook '/home/erling/dev/lf-workspace/lf-ros/install/MinimalSubscriber/share/MinimalSubscriber/hook/ld_library_path_lib.sh'
[10.267s] Level 1:colcon.colcon_core.environment:checking '/home/erling/dev/lf-workspace/lf-ros/install/MinimalSubscriber/bin'
[10.267s] Level 1:colcon.colcon_core.environment:checking '/home/erling/dev/lf-workspace/lf-ros/install/MinimalSubscriber/lib/pkgconfig/MinimalSubscriber.pc'
[10.268s] Level 1:colcon.colcon_core.environment:checking '/home/erling/dev/lf-workspace/lf-ros/install/MinimalSubscriber/lib/python3.8/site-packages'
[10.269s] INFO:colcon.colcon_core.shell:Creating package script '/home/erling/dev/lf-workspace/lf-ros/install/MinimalSubscriber/share/MinimalSubscriber/package.ps1'
[10.270s] INFO:colcon.colcon_core.shell:Creating package descriptor '/home/erling/dev/lf-workspace/lf-ros/install/MinimalSubscriber/share/MinimalSubscriber/package.dsv'
[10.271s] INFO:colcon.colcon_core.shell:Creating package script '/home/erling/dev/lf-workspace/lf-ros/install/MinimalSubscriber/share/MinimalSubscriber/package.sh'
[10.272s] INFO:colcon.colcon_core.shell:Creating package script '/home/erling/dev/lf-workspace/lf-ros/install/MinimalSubscriber/share/MinimalSubscriber/package.bash'
[10.272s] INFO:colcon.colcon_core.shell:Creating package script '/home/erling/dev/lf-workspace/lf-ros/install/MinimalSubscriber/share/MinimalSubscriber/package.zsh'
[10.272s] Level 1:colcon.colcon_core.environment:create_file_with_runtime_dependencies(/home/erling/dev/lf-workspace/lf-ros/install/MinimalSubscriber/share/colcon-core/packages/MinimalSubscriber)
[10.335s] Level 1:colcon.colcon_core.environment:create_environment_scripts_only(MinimalSubscriber)
[10.337s] Level 1:colcon.colcon_core.environment:checking '/home/erling/dev/lf-workspace/lf-ros/install/MinimalSubscriber' for CMake module files
[10.338s] Level 1:colcon.colcon_core.environment:checking '/home/erling/dev/lf-workspace/lf-ros/install/MinimalSubscriber' for CMake config files
[10.339s] Level 1:colcon.colcon_core.shell:create_environment_hook('MinimalSubscriber', 'cmake_prefix_path')
[10.340s] INFO:colcon.colcon_core.shell:Creating environment hook '/home/erling/dev/lf-workspace/lf-ros/install/MinimalSubscriber/share/MinimalSubscriber/hook/cmake_prefix_path.ps1'
[10.341s] INFO:colcon.colcon_core.shell:Creating environment descriptor '/home/erling/dev/lf-workspace/lf-ros/install/MinimalSubscriber/share/MinimalSubscriber/hook/cmake_prefix_path.dsv'
[10.342s] INFO:colcon.colcon_core.shell:Creating environment hook '/home/erling/dev/lf-workspace/lf-ros/install/MinimalSubscriber/share/MinimalSubscriber/hook/cmake_prefix_path.sh'
[10.344s] Level 1:colcon.colcon_core.environment:checking '/home/erling/dev/lf-workspace/lf-ros/install/MinimalSubscriber/lib'
[10.344s] Level 1:colcon.colcon_core.shell:create_environment_hook('MinimalSubscriber', 'ld_library_path_lib')
[10.346s] INFO:colcon.colcon_core.shell:Creating environment hook '/home/erling/dev/lf-workspace/lf-ros/install/MinimalSubscriber/share/MinimalSubscriber/hook/ld_library_path_lib.ps1'
[10.347s] INFO:colcon.colcon_core.shell:Creating environment descriptor '/home/erling/dev/lf-workspace/lf-ros/install/MinimalSubscriber/share/MinimalSubscriber/hook/ld_library_path_lib.dsv'
[10.347s] INFO:colcon.colcon_core.shell:Creating environment hook '/home/erling/dev/lf-workspace/lf-ros/install/MinimalSubscriber/share/MinimalSubscriber/hook/ld_library_path_lib.sh'
[10.348s] Level 1:colcon.colcon_core.environment:checking '/home/erling/dev/lf-workspace/lf-ros/install/MinimalSubscriber/bin'
[10.348s] Level 1:colcon.colcon_core.environment:checking '/home/erling/dev/lf-workspace/lf-ros/install/MinimalSubscriber/lib/pkgconfig/MinimalSubscriber.pc'
[10.349s] Level 1:colcon.colcon_core.environment:checking '/home/erling/dev/lf-workspace/lf-ros/install/MinimalSubscriber/lib/python3.8/site-packages'
[10.350s] INFO:colcon.colcon_core.shell:Creating package script '/home/erling/dev/lf-workspace/lf-ros/install/MinimalSubscriber/share/MinimalSubscriber/package.ps1'
[10.352s] INFO:colcon.colcon_core.shell:Creating package descriptor '/home/erling/dev/lf-workspace/lf-ros/install/MinimalSubscriber/share/MinimalSubscriber/package.dsv'
[10.353s] INFO:colcon.colcon_core.shell:Creating package script '/home/erling/dev/lf-workspace/lf-ros/install/MinimalSubscriber/share/MinimalSubscriber/package.sh'
[10.353s] INFO:colcon.colcon_core.shell:Creating package script '/home/erling/dev/lf-workspace/lf-ros/install/MinimalSubscriber/share/MinimalSubscriber/package.bash'
[10.354s] INFO:colcon.colcon_core.shell:Creating package script '/home/erling/dev/lf-workspace/lf-ros/install/MinimalSubscriber/share/MinimalSubscriber/package.zsh'
[10.355s] Level 1:colcon.colcon_core.environment:create_file_with_runtime_dependencies(/home/erling/dev/lf-workspace/lf-ros/install/MinimalSubscriber/share/colcon-core/packages/MinimalSubscriber)
[10.355s] DEBUG:colcon.colcon_parallel_executor.executor.parallel:closing loop
[10.356s] DEBUG:colcon.colcon_parallel_executor.executor.parallel:loop closed
[10.356s] DEBUG:colcon.colcon_parallel_executor.executor.parallel:run_until_complete finished with '0'
[10.356s] DEBUG:colcon.colcon_core.event_reactor:joining thread
[10.366s] INFO:colcon.colcon_core.plugin_system:Skipping extension 'colcon_notification.desktop_notification.terminal_notifier': Not used on non-Darwin systems
[10.367s] INFO:colcon.colcon_core.plugin_system:Skipping extension 'colcon_notification.desktop_notification.win32': Not used on non-Windows systems
[10.367s] INFO:colcon.colcon_notification.desktop_notification:Sending desktop notification using 'notify2'
[10.395s] DEBUG:colcon.colcon_core.event_reactor:joined thread
[10.397s] INFO:colcon.colcon_core.shell:Creating prefix script '/home/erling/dev/lf-workspace/lf-ros/install/local_setup.ps1'
[10.399s] INFO:colcon.colcon_core.shell:Creating prefix util module '/home/erling/dev/lf-workspace/lf-ros/install/_local_setup_util_ps1.py'
[10.402s] INFO:colcon.colcon_core.shell:Creating prefix chain script '/home/erling/dev/lf-workspace/lf-ros/install/setup.ps1'
[10.405s] INFO:colcon.colcon_core.shell:Creating prefix script '/home/erling/dev/lf-workspace/lf-ros/install/local_setup.sh'
[10.406s] INFO:colcon.colcon_core.shell:Creating prefix util module '/home/erling/dev/lf-workspace/lf-ros/install/_local_setup_util_sh.py'
[10.407s] INFO:colcon.colcon_core.shell:Creating prefix chain script '/home/erling/dev/lf-workspace/lf-ros/install/setup.sh'
[10.410s] INFO:colcon.colcon_core.shell:Creating prefix script '/home/erling/dev/lf-workspace/lf-ros/install/local_setup.bash'
[10.411s] INFO:colcon.colcon_core.shell:Creating prefix chain script '/home/erling/dev/lf-workspace/lf-ros/install/setup.bash'
[10.413s] INFO:colcon.colcon_core.shell:Creating prefix script '/home/erling/dev/lf-workspace/lf-ros/install/local_setup.zsh'
[10.414s] INFO:colcon.colcon_core.shell:Creating prefix chain script '/home/erling/dev/lf-workspace/lf-ros/install/setup.zsh'
