[100%] Built target reactor-cpp-default
-- Install configuration: "Release"
-- Up-to-date: /home/erling/dev/lf-workspace/lf-ros/install/reactor-cpp-default/include/reactor-cpp-default
-- Up-to-date: /home/erling/dev/lf-workspace/lf-ros/install/reactor-cpp-default/include/reactor-cpp-default/reactor-cpp
-- Up-to-date: /home/erling/dev/lf-workspace/lf-ros/install/reactor-cpp-default/include/reactor-cpp-default/reactor-cpp/port.hh
-- Up-to-date: /home/erling/dev/lf-workspace/lf-ros/install/reactor-cpp-default/include/reactor-cpp-default/reactor-cpp/environment.hh
-- Up-to-date: /home/erling/dev/lf-workspace/lf-ros/install/reactor-cpp-default/include/reactor-cpp-default/reactor-cpp/logging.hh
-- Up-to-date: /home/erling/dev/lf-workspace/lf-ros/install/reactor-cpp-default/include/reactor-cpp-default/reactor-cpp/reactor.hh
-- Up-to-date: /home/erling/dev/lf-workspace/lf-ros/install/reactor-cpp-default/include/reactor-cpp-default/reactor-cpp/assert.hh
-- Up-to-date: /home/erling/dev/lf-workspace/lf-ros/install/reactor-cpp-default/include/reactor-cpp-default/reactor-cpp/impl
-- Up-to-date: /home/erling/dev/lf-workspace/lf-ros/install/reactor-cpp-default/include/reactor-cpp-default/reactor-cpp/impl/port_impl.hh
-- Up-to-date: /home/erling/dev/lf-workspace/lf-ros/install/reactor-cpp-default/include/reactor-cpp-default/reactor-cpp/impl/action_impl.hh
-- Up-to-date: /home/erling/dev/lf-workspace/lf-ros/install/reactor-cpp-default/include/reactor-cpp-default/reactor-cpp/fwd.hh
-- Up-to-date: /home/erling/dev/lf-workspace/lf-ros/install/reactor-cpp-default/include/reactor-cpp-default/reactor-cpp/action.hh
-- Up-to-date: /home/erling/dev/lf-workspace/lf-ros/install/reactor-cpp-default/include/reactor-cpp-default/reactor-cpp/semaphore.hh
-- Up-to-date: /home/erling/dev/lf-workspace/lf-ros/install/reactor-cpp-default/include/reactor-cpp-default/reactor-cpp/value_ptr.hh
-- Up-to-date: /home/erling/dev/lf-workspace/lf-ros/install/reactor-cpp-default/include/reactor-cpp-default/reactor-cpp/scheduler.hh
-- Up-to-date: /home/erling/dev/lf-workspace/lf-ros/install/reactor-cpp-default/include/reactor-cpp-default/reactor-cpp/config.hh.in
-- Up-to-date: /home/erling/dev/lf-workspace/lf-ros/install/reactor-cpp-default/include/reactor-cpp-default/reactor-cpp/trace.hh
-- Up-to-date: /home/erling/dev/lf-workspace/lf-ros/install/reactor-cpp-default/include/reactor-cpp-default/reactor-cpp/logical_time.hh
-- Up-to-date: /home/erling/dev/lf-workspace/lf-ros/install/reactor-cpp-default/include/reactor-cpp-default/reactor-cpp/time.hh
-- Up-to-date: /home/erling/dev/lf-workspace/lf-ros/install/reactor-cpp-default/include/reactor-cpp-default/reactor-cpp/reactor-cpp.hh
-- Up-to-date: /home/erling/dev/lf-workspace/lf-ros/install/reactor-cpp-default/include/reactor-cpp-default/reactor-cpp/reaction.hh
-- Up-to-date: /home/erling/dev/lf-workspace/lf-ros/install/reactor-cpp-default/include/reactor-cpp-default/reactor-cpp/config.hh
-- Up-to-date: /home/erling/dev/lf-workspace/lf-ros/install/reactor-cpp-default/lib/libreactor-cpp-default.so.0.0.1
-- Up-to-date: /home/erling/dev/lf-workspace/lf-ros/install/reactor-cpp-default/lib/libreactor-cpp-default.so.1
-- Up-to-date: /home/erling/dev/lf-workspace/lf-ros/install/reactor-cpp-default/lib/libreactor-cpp-default.so
-- Up-to-date: /home/erling/dev/lf-workspace/lf-ros/install/reactor-cpp-default/share/reactor-cpp-default/cmake/reactor-cpp-defaultConfig.cmake
-- Up-to-date: /home/erling/dev/lf-workspace/lf-ros/install/reactor-cpp-default/share/reactor-cpp-default/cmake/reactor-cpp-defaultConfig-release.cmake
